2025-08-25 22:56:43,567 INFO RPC interface 'supervisor' initialized
2025-08-25 22:56:43,567 CRIT Server 'unix_http_server' running without any HTTP authentication checking
2025-08-25 22:56:43,569 INFO daemonizing the supervisord process
2025-08-25 22:56:43,570 INFO supervisord started with pid 3627
2025-08-25 22:56:44,574 INFO spawned: 'portfolio-server' with pid 3630
2025-08-25 22:56:44,686 WARN exited: portfolio-server (exit status 1; not expected)
2025-08-25 22:56:45,689 INFO spawned: 'portfolio-server' with pid 3632
2025-08-25 22:56:45,809 WARN exited: portfolio-server (exit status 1; not expected)
2025-08-25 22:56:47,813 INFO spawned: 'portfolio-server' with pid 3635
2025-08-25 22:56:47,926 WARN exited: portfolio-server (exit status 1; not expected)
2025-08-25 22:56:50,933 INFO spawned: 'portfolio-server' with pid 3639
2025-08-25 22:56:51,048 WARN exited: portfolio-server (exit status 1; not expected)
2025-08-25 22:56:52,050 INFO gave up: portfolio-server entered FATAL state, too many start retries too quickly
2025-08-25 23:20:49,266 INFO RPC interface 'supervisor' initialized
2025-08-25 23:20:49,267 CRIT Server 'unix_http_server' running without any HTTP authentication checking
2025-08-25 23:20:49,269 INFO daemonizing the supervisord process
2025-08-25 23:20:49,270 INFO supervisord started with pid 5359
2025-08-25 23:20:50,274 INFO spawned: 'portfolio-server' with pid 5361
2025-08-25 23:20:50,390 WARN exited: portfolio-server (exit status 1; not expected)
2025-08-25 23:20:51,394 INFO spawned: 'portfolio-server' with pid 5363
2025-08-25 23:20:51,503 WARN exited: portfolio-server (exit status 1; not expected)
2025-08-25 23:20:53,508 INFO spawned: 'portfolio-server' with pid 5366
2025-08-25 23:20:53,710 WARN exited: portfolio-server (exit status 1; not expected)
2025-08-25 23:20:56,721 INFO spawned: 'portfolio-server' with pid 5372
2025-08-25 23:20:56,824 WARN exited: portfolio-server (exit status 1; not expected)
2025-08-25 23:20:57,826 INFO gave up: portfolio-server entered FATAL state, too many start retries too quickly
2025-08-27 09:15:55,682 INFO RPC interface 'supervisor' initialized
2025-08-27 09:15:55,682 CRIT Server 'unix_http_server' running without any HTTP authentication checking
2025-08-27 09:15:55,684 INFO daemonizing the supervisord process
2025-08-27 09:15:55,685 INFO supervisord started with pid 7693
2025-08-27 09:15:56,690 INFO spawned: 'portfolio-server' with pid 7696
2025-08-27 09:15:57,692 INFO success: portfolio-server entered RUNNING state, process has stayed up for > than 1 seconds (startsecs)
2025-08-27 09:16:59,720 INFO waiting for portfolio-server to stop
2025-08-27 09:16:59,722 WARN stopped: portfolio-server (terminated by SIGTERM)
2025-08-27 09:17:00,729 INFO spawned: 'portfolio-server' with pid 7803
2025-08-27 09:17:01,731 INFO success: portfolio-server entered RUNNING state, process has stayed up for > than 1 seconds (startsecs)
2025-08-27 09:29:06,249 INFO waiting for portfolio-server to stop
2025-08-27 09:29:06,251 WARN stopped: portfolio-server (terminated by SIGTERM)
2025-08-27 09:29:07,260 INFO spawned: 'portfolio-server' with pid 8774
2025-08-27 09:29:08,262 INFO success: portfolio-server entered RUNNING state, process has stayed up for > than 1 seconds (startsecs)
